[2020-12-06 00:34:55] production.ERROR: Please provide a valid cache path. {"exception":"[object] (InvalidArgumentException(code: 0): Please provide a valid cache path. at /var/www/app/vendor/laravel/framework/src/Illuminate/View/Compilers/Compiler.php:36)
[stacktrace]
#0 /var/www/app/vendor/laravel/framework/src/Illuminate/View/ViewServiceProvider.php(88): Illuminate\\View\\Compilers\\Compiler->__construct(Object(Illuminate\\Filesystem\\Filesystem), false)
#1 /var/www/app/vendor/laravel/framework/src/Illuminate/Container/Container.php(826): Illuminate\\View\\ViewServiceProvider->Illuminate\\View\\{closure}(Object(Illuminate\\Foundation\\Application), Array)
#2 /var/www/app/vendor/laravel/framework/src/Illuminate/Container/Container.php(712): Illuminate\\Container\\Container->build(Object(Closure))
#3 /var/www/app/vendor/laravel/framework/src/Illuminate/Foundation/Application.php(796): Illuminate\\Container\\Container->resolve('blade.compiler', Array, true)
#4 /var/www/app/vendor/laravel/framework/src/Illuminate/Container/Container.php(651): Illuminate\\Foundation\\Application->resolve('blade.compiler', Array)
#5 /var/www/app/vendor/laravel/framework/src/Illuminate/Foundation/Application.php(781): Illuminate\\Container\\Container->make('blade.compiler', Array)
#6 /var/www/app/vendor/laravel/framework/src/Illuminate/Container/Container.php(1354): Illuminate\\Foundation\\Application->make('blade.compiler')
#7 /var/www/app/vendor/laravel/framework/src/Illuminate/View/ViewServiceProvider.php(150): Illuminate\\Container\\Container->offsetGet('blade.compiler')
#8 [internal function]: Illuminate\\View\\ViewServiceProvider->Illuminate\\View\\{closure}()
#9 /var/www/app/vendor/laravel/framework/src/Illuminate/View/Engines/EngineResolver.php(55): call_user_func(Object(Closure))
#10 /var/www/app/vendor/facade/ignition/src/IgnitionServiceProvider.php(389): Illuminate\\View\\Engines\\EngineResolver->resolve('blade')
#11 /var/www/app/vendor/facade/ignition/src/IgnitionServiceProvider.php(125): Facade\\Ignition\\IgnitionServiceProvider->hasCustomViewEnginesRegistered()
#12 /var/www/app/vendor/facade/ignition/src/IgnitionServiceProvider.php(84): Facade\\Ignition\\IgnitionServiceProvider->registerViewEngines()
#13 /var/www/app/vendor/laravel/framework/src/Illuminate/Container/BoundMethod.php(36): Facade\\Ignition\\IgnitionServiceProvider->boot()
#14 /var/www/app/vendor/laravel/framework/src/Illuminate/Container/Util.php(40): Illuminate\\Container\\BoundMethod::Illuminate\\Container\\{closure}()
#15 /var/www/app/vendor/laravel/framework/src/Illuminate/Container/BoundMethod.php(93): Illuminate\\Container\\Util::unwrapIfClosure(Object(Closure))
#16 /var/www/app/vendor/laravel/framework/src/Illuminate/Container/BoundMethod.php(37): Illuminate\\Container\\BoundMethod::callBoundMethod(Object(Illuminate\\Foundation\\Application), Array, Object(Closure))
#17 /var/www/app/vendor/laravel/framework/src/Illuminate/Container/Container.php(610): Illuminate\\Container\\BoundMethod::call(Object(Illuminate\\Foundation\\Application), Array, Array, NULL)
#18 /var/www/app/vendor/laravel/framework/src/Illuminate/Foundation/Application.php(869): Illuminate\\Container\\Container->call(Array)
#19 /var/www/app/vendor/laravel/framework/src/Illuminate/Foundation/Application.php(850): Illuminate\\Foundation\\Application->bootProvider(Object(Facade\\Ignition\\IgnitionServiceProvider))
#20 [internal function]: Illuminate\\Foundation\\Application->Illuminate\\Foundation\\{closure}(Object(Facade\\Ignition\\IgnitionServiceProvider), 14)
#21 /var/www/app/vendor/laravel/framework/src/Illuminate/Foundation/Application.php(851): array_walk(Array, Object(Closure))
#22 /var/www/app/vendor/laravel/framework/src/Illuminate/Foundation/Bootstrap/BootProviders.php(17): Illuminate\\Foundation\\Application->boot()
#23 /var/www/app/vendor/laravel/framework/src/Illuminate/Foundation/Application.php(230): Illuminate\\Foundation\\Bootstrap\\BootProviders->bootstrap(Object(Illuminate\\Foundation\\Application))
#24 /var/www/app/vendor/laravel/framework/src/Illuminate/Foundation/Console/Kernel.php(310): Illuminate\\Foundation\\Application->bootstrapWith(Array)
#25 /var/www/app/vendor/laravel/framework/src/Illuminate/Foundation/Console/Kernel.php(127): Illuminate\\Foundation\\Console\\Kernel->bootstrap()
#26 /var/www/app/artisan(37): Illuminate\\Foundation\\Console\\Kernel->handle(Object(Symfony\\Component\\Console\\Input\\ArgvInput), Object(Symfony\\Component\\Console\\Output\\ConsoleOutput))
#27 {main}
"} 
[2020-12-06 00:35:30] production.ERROR: Please provide a valid cache path. {"exception":"[object] (InvalidArgumentException(code: 0): Please provide a valid cache path. at /var/www/app/vendor/laravel/framework/src/Illuminate/View/Compilers/Compiler.php:36)
[stacktrace]
#0 /var/www/app/vendor/laravel/framework/src/Illuminate/View/ViewServiceProvider.php(88): Illuminate\\View\\Compilers\\Compiler->__construct(Object(Illuminate\\Filesystem\\Filesystem), false)
#1 /var/www/app/vendor/laravel/framework/src/Illuminate/Container/Container.php(826): Illuminate\\View\\ViewServiceProvider->Illuminate\\View\\{closure}(Object(Illuminate\\Foundation\\Application), Array)
#2 /var/www/app/vendor/laravel/framework/src/Illuminate/Container/Container.php(712): Illuminate\\Container\\Container->build(Object(Closure))
#3 /var/www/app/vendor/laravel/framework/src/Illuminate/Foundation/Application.php(796): Illuminate\\Container\\Container->resolve('blade.compiler', Array, true)
#4 /var/www/app/vendor/laravel/framework/src/Illuminate/Container/Container.php(651): Illuminate\\Foundation\\Application->resolve('blade.compiler', Array)
#5 /var/www/app/vendor/laravel/framework/src/Illuminate/Foundation/Application.php(781): Illuminate\\Container\\Container->make('blade.compiler', Array)
#6 /var/www/app/vendor/laravel/framework/src/Illuminate/Container/Container.php(1354): Illuminate\\Foundation\\Application->make('blade.compiler')
#7 /var/www/app/vendor/laravel/framework/src/Illuminate/View/ViewServiceProvider.php(150): Illuminate\\Container\\Container->offsetGet('blade.compiler')
#8 [internal function]: Illuminate\\View\\ViewServiceProvider->Illuminate\\View\\{closure}()
#9 /var/www/app/vendor/laravel/framework/src/Illuminate/View/Engines/EngineResolver.php(55): call_user_func(Object(Closure))
#10 /var/www/app/vendor/facade/ignition/src/IgnitionServiceProvider.php(389): Illuminate\\View\\Engines\\EngineResolver->resolve('blade')
#11 /var/www/app/vendor/facade/ignition/src/IgnitionServiceProvider.php(125): Facade\\Ignition\\IgnitionServiceProvider->hasCustomViewEnginesRegistered()
#12 /var/www/app/vendor/facade/ignition/src/IgnitionServiceProvider.php(84): Facade\\Ignition\\IgnitionServiceProvider->registerViewEngines()
#13 /var/www/app/vendor/laravel/framework/src/Illuminate/Container/BoundMethod.php(36): Facade\\Ignition\\IgnitionServiceProvider->boot()
#14 /var/www/app/vendor/laravel/framework/src/Illuminate/Container/Util.php(40): Illuminate\\Container\\BoundMethod::Illuminate\\Container\\{closure}()
#15 /var/www/app/vendor/laravel/framework/src/Illuminate/Container/BoundMethod.php(93): Illuminate\\Container\\Util::unwrapIfClosure(Object(Closure))
#16 /var/www/app/vendor/laravel/framework/src/Illuminate/Container/BoundMethod.php(37): Illuminate\\Container\\BoundMethod::callBoundMethod(Object(Illuminate\\Foundation\\Application), Array, Object(Closure))
#17 /var/www/app/vendor/laravel/framework/src/Illuminate/Container/Container.php(610): Illuminate\\Container\\BoundMethod::call(Object(Illuminate\\Foundation\\Application), Array, Array, NULL)
#18 /var/www/app/vendor/laravel/framework/src/Illuminate/Foundation/Application.php(869): Illuminate\\Container\\Container->call(Array)
#19 /var/www/app/vendor/laravel/framework/src/Illuminate/Foundation/Application.php(850): Illuminate\\Foundation\\Application->bootProvider(Object(Facade\\Ignition\\IgnitionServiceProvider))
#20 [internal function]: Illuminate\\Foundation\\Application->Illuminate\\Foundation\\{closure}(Object(Facade\\Ignition\\IgnitionServiceProvider), 14)
#21 /var/www/app/vendor/laravel/framework/src/Illuminate/Foundation/Application.php(851): array_walk(Array, Object(Closure))
#22 /var/www/app/vendor/laravel/framework/src/Illuminate/Foundation/Bootstrap/BootProviders.php(17): Illuminate\\Foundation\\Application->boot()
#23 /var/www/app/vendor/laravel/framework/src/Illuminate/Foundation/Application.php(230): Illuminate\\Foundation\\Bootstrap\\BootProviders->bootstrap(Object(Illuminate\\Foundation\\Application))
#24 /var/www/app/vendor/laravel/framework/src/Illuminate/Foundation/Http/Kernel.php(152): Illuminate\\Foundation\\Application->bootstrapWith(Array)
#25 /var/www/app/vendor/laravel/framework/src/Illuminate/Foundation/Http/Kernel.php(136): Illuminate\\Foundation\\Http\\Kernel->bootstrap()
#26 /var/www/app/vendor/laravel/framework/src/Illuminate/Foundation/Http/Kernel.php(110): Illuminate\\Foundation\\Http\\Kernel->sendRequestThroughRouter(Object(Illuminate\\Http\\Request))
#27 /var/www/app/public/index.php(52): Illuminate\\Foundation\\Http\\Kernel->handle(Object(Illuminate\\Http\\Request))
#28 {main}
"} 
[2020-12-06 00:35:30] production.ERROR: Please provide a valid cache path. {"exception":"[object] (InvalidArgumentException(code: 0): Please provide a valid cache path. at /var/www/app/vendor/laravel/framework/src/Illuminate/View/Compilers/Compiler.php:36)
[stacktrace]
#0 /var/www/app/vendor/laravel/framework/src/Illuminate/View/ViewServiceProvider.php(88): Illuminate\\View\\Compilers\\Compiler->__construct(Object(Illuminate\\Filesystem\\Filesystem), false)
#1 /var/www/app/vendor/laravel/framework/src/Illuminate/Container/Container.php(826): Illuminate\\View\\ViewServiceProvider->Illuminate\\View\\{closure}(Object(Illuminate\\Foundation\\Application), Array)
#2 /var/www/app/vendor/laravel/framework/src/Illuminate/Container/Container.php(712): Illuminate\\Container\\Container->build(Object(Closure))
#3 /var/www/app/vendor/laravel/framework/src/Illuminate/Foundation/Application.php(796): Illuminate\\Container\\Container->resolve('blade.compiler', Array, true)
#4 /var/www/app/vendor/laravel/framework/src/Illuminate/Container/Container.php(651): Illuminate\\Foundation\\Application->resolve('blade.compiler', Array)
#5 /var/www/app/vendor/laravel/framework/src/Illuminate/Foundation/Application.php(781): Illuminate\\Container\\Container->make('blade.compiler', Array)
#6 /var/www/app/vendor/laravel/framework/src/Illuminate/Container/Container.php(1354): Illuminate\\Foundation\\Application->make('blade.compiler')
#7 /var/www/app/vendor/laravel/framework/src/Illuminate/View/ViewServiceProvider.php(150): Illuminate\\Container\\Container->offsetGet('blade.compiler')
#8 [internal function]: Illuminate\\View\\ViewServiceProvider->Illuminate\\View\\{closure}()
#9 /var/www/app/vendor/laravel/framework/src/Illuminate/View/Engines/EngineResolver.php(55): call_user_func(Object(Closure))
#10 /var/www/app/vendor/laravel/framework/src/Illuminate/View/Factory.php(296): Illuminate\\View\\Engines\\EngineResolver->resolve('blade')
#11 /var/www/app/vendor/laravel/framework/src/Illuminate/View/Factory.php(260): Illuminate\\View\\Factory->getEngineFromPath('/var/www/app/ve...')
#12 /var/www/app/vendor/laravel/framework/src/Illuminate/View/Factory.php(146): Illuminate\\View\\Factory->viewInstance('errors::500', '/var/www/app/ve...', Array)
#13 /var/www/app/vendor/laravel/framework/src/Illuminate/Routing/ResponseFactory.php(85): Illuminate\\View\\Factory->make('errors::500', Array)
#14 /var/www/app/vendor/laravel/framework/src/Illuminate/Foundation/Exceptions/Handler.php(551): Illuminate\\Routing\\ResponseFactory->view('errors::500', Array, 500, Array)
#15 /var/www/app/vendor/laravel/framework/src/Illuminate/Foundation/Exceptions/Handler.php(456): Illuminate\\Foundation\\Exceptions\\Handler->renderHttpException(Object(Symfony\\Component\\HttpKernel\\Exception\\HttpException))
#16 /var/www/app/vendor/laravel/framework/src/Illuminate/Foundation/Exceptions/Handler.php(336): Illuminate\\Foundation\\Exceptions\\Handler->prepareResponse(Object(Illuminate\\Http\\Request), Object(Symfony\\Component\\HttpKernel\\Exception\\HttpException))
#17 /var/www/app/vendor/laravel/framework/src/Illuminate/Foundation/Http/Kernel.php(416): Illuminate\\Foundation\\Exceptions\\Handler->render(Object(Illuminate\\Http\\Request), Object(InvalidArgumentException))
#18 /var/www/app/vendor/laravel/framework/src/Illuminate/Foundation/Http/Kernel.php(114): Illuminate\\Foundation\\Http\\Kernel->renderException(Object(Illuminate\\Http\\Request), Object(InvalidArgumentException))
#19 /var/www/app/public/index.php(52): Illuminate\\Foundation\\Http\\Kernel->handle(Object(Illuminate\\Http\\Request))
#20 {main}
"} 
[2020-12-06 00:35:30] production.ERROR: Uncaught InvalidArgumentException: Please provide a valid cache path. in /var/www/app/vendor/laravel/framework/src/Illuminate/View/Compilers/Compiler.php:36
Stack trace:
#0 /var/www/app/vendor/laravel/framework/src/Illuminate/View/ViewServiceProvider.php(88): Illuminate\View\Compilers\Compiler->__construct(Object(Illuminate\Filesystem\Filesystem), false)
#1 /var/www/app/vendor/laravel/framework/src/Illuminate/Container/Container.php(826): Illuminate\View\ViewServiceProvider->Illuminate\View\{closure}(Object(Illuminate\Foundation\Application), Array)
#2 /var/www/app/vendor/laravel/framework/src/Illuminate/Container/Container.php(712): Illuminate\Container\Container->build(Object(Closure))
#3 /var/www/app/vendor/laravel/framework/src/Illuminate/Foundation/Application.php(796): Illuminate\Container\Container->resolve('blade.compiler', Array, true)
#4 /var/www/app/vendor/laravel/framework/src/Illuminate/Container/Container.php(651): Illuminate\Foundation\Application->resolve('blade.compiler', Array)
#5 /var/www/app/vendor/laravel/framework/src/Illuminate/Foundation/Application.php(781): Illuminate\Container\Container->make('blade.compiler', Array)
#6 /var/www/app/vendor/laravel/framework/src/Illuminate/Container/Container.php(1354): Illuminate\Foundation\Application->make('blade.compiler')
#7 /var/www/app/vendor/laravel/framework/src/Illuminate/View/ViewServiceProvider.php(150): Illuminate\Container\Container->offsetGet('blade.compiler')
#8 [internal function]: Illuminate\View\ViewServiceProvider->Illuminate\View\{closure}()
#9 /var/www/app/vendor/laravel/framework/src/Illuminate/View/Engines/EngineResolver.php(55): call_user_func(Object(Closure))
#10 /var/www/app/vendor/laravel/framework/src/Illuminate/View/Factory.php(296): Illuminate\View\Engines\EngineResolver->resolve('blade')
#11 /var/www/app/vendor/laravel/framework/src/Illuminate/View/Factory.php(260): Illuminate\View\Factory->getEngineFromPath('/var/www/app/ve...')
#12 /var/www/app/vendor/laravel/framework/src/Illuminate/View/Factory.php(146): Illuminate\View\Factory->viewInstance('errors::500', '/var/www/app/ve...', Array)
#13 /var/www/app/vendor/laravel/framework/src/Illuminate/Routing/ResponseFactory.php(85): Illuminate\View\Factory->make('errors::500', Array)
#14 /var/www/app/vendor/laravel/framework/src/Illuminate/Foundation/Exceptions/Handler.php(551): Illuminate\Routing\ResponseFactory->view('errors::500', Array, 500, Array)
#15 /var/www/app/vendor/laravel/framework/src/Illuminate/Foundation/Exceptions/Handler.php(456): Illuminate\Foundation\Exceptions\Handler->renderHttpException(Object(Symfony\Component\HttpKernel\Exception\HttpException))
#16 /var/www/app/vendor/laravel/framework/src/Illuminate/Foundation/Exceptions/Handler.php(336): Illuminate\Foundation\Exceptions\Handler->prepareResponse(Object(Illuminate\Http\Request), Object(Symfony\Component\HttpKernel\Exception\HttpException))
#17 /var/www/app/vendor/laravel/framework/src/Illuminate/Foundation/Bootstrap/HandleExceptions.php(119): Illuminate\Foundation\Exceptions\Handler->render(Object(Illuminate\Http\Request), Object(InvalidArgumentException))
#18 /var/www/app/vendor/laravel/framework/src/Illuminate/Foundation/Bootstrap/HandleExceptions.php(96): Illuminate\Foundation\Bootstrap\HandleExceptions->renderHttpResponse(Object(InvalidArgumentException))
#19 [internal function]: Illuminate\Foundation\Bootstrap\HandleExceptions->handleException(Object(InvalidArgumentException))
#20 {main}
  thrown {"exception":"[object] (Symfony\\Component\\ErrorHandler\\Error\\FatalError(code: 0): Uncaught InvalidArgumentException: Please provide a valid cache path. in /var/www/app/vendor/laravel/framework/src/Illuminate/View/Compilers/Compiler.php:36
Stack trace:
#0 /var/www/app/vendor/laravel/framework/src/Illuminate/View/ViewServiceProvider.php(88): Illuminate\\View\\Compilers\\Compiler->__construct(Object(Illuminate\\Filesystem\\Filesystem), false)
#1 /var/www/app/vendor/laravel/framework/src/Illuminate/Container/Container.php(826): Illuminate\\View\\ViewServiceProvider->Illuminate\\View\\{closure}(Object(Illuminate\\Foundation\\Application), Array)
#2 /var/www/app/vendor/laravel/framework/src/Illuminate/Container/Container.php(712): Illuminate\\Container\\Container->build(Object(Closure))
#3 /var/www/app/vendor/laravel/framework/src/Illuminate/Foundation/Application.php(796): Illuminate\\Container\\Container->resolve('blade.compiler', Array, true)
#4 /var/www/app/vendor/laravel/framework/src/Illuminate/Container/Container.php(651): Illuminate\\Foundation\\Application->resolve('blade.compiler', Array)
#5 /var/www/app/vendor/laravel/framework/src/Illuminate/Foundation/Application.php(781): Illuminate\\Container\\Container->make('blade.compiler', Array)
#6 /var/www/app/vendor/laravel/framework/src/Illuminate/Container/Container.php(1354): Illuminate\\Foundation\\Application->make('blade.compiler')
#7 /var/www/app/vendor/laravel/framework/src/Illuminate/View/ViewServiceProvider.php(150): Illuminate\\Container\\Container->offsetGet('blade.compiler')
#8 [internal function]: Illuminate\\View\\ViewServiceProvider->Illuminate\\View\\{closure}()
#9 /var/www/app/vendor/laravel/framework/src/Illuminate/View/Engines/EngineResolver.php(55): call_user_func(Object(Closure))
#10 /var/www/app/vendor/laravel/framework/src/Illuminate/View/Factory.php(296): Illuminate\\View\\Engines\\EngineResolver->resolve('blade')
#11 /var/www/app/vendor/laravel/framework/src/Illuminate/View/Factory.php(260): Illuminate\\View\\Factory->getEngineFromPath('/var/www/app/ve...')
#12 /var/www/app/vendor/laravel/framework/src/Illuminate/View/Factory.php(146): Illuminate\\View\\Factory->viewInstance('errors::500', '/var/www/app/ve...', Array)
#13 /var/www/app/vendor/laravel/framework/src/Illuminate/Routing/ResponseFactory.php(85): Illuminate\\View\\Factory->make('errors::500', Array)
#14 /var/www/app/vendor/laravel/framework/src/Illuminate/Foundation/Exceptions/Handler.php(551): Illuminate\\Routing\\ResponseFactory->view('errors::500', Array, 500, Array)
#15 /var/www/app/vendor/laravel/framework/src/Illuminate/Foundation/Exceptions/Handler.php(456): Illuminate\\Foundation\\Exceptions\\Handler->renderHttpException(Object(Symfony\\Component\\HttpKernel\\Exception\\HttpException))
#16 /var/www/app/vendor/laravel/framework/src/Illuminate/Foundation/Exceptions/Handler.php(336): Illuminate\\Foundation\\Exceptions\\Handler->prepareResponse(Object(Illuminate\\Http\\Request), Object(Symfony\\Component\\HttpKernel\\Exception\\HttpException))
#17 /var/www/app/vendor/laravel/framework/src/Illuminate/Foundation/Bootstrap/HandleExceptions.php(119): Illuminate\\Foundation\\Exceptions\\Handler->render(Object(Illuminate\\Http\\Request), Object(InvalidArgumentException))
#18 /var/www/app/vendor/laravel/framework/src/Illuminate/Foundation/Bootstrap/HandleExceptions.php(96): Illuminate\\Foundation\\Bootstrap\\HandleExceptions->renderHttpResponse(Object(InvalidArgumentException))
#19 [internal function]: Illuminate\\Foundation\\Bootstrap\\HandleExceptions->handleException(Object(InvalidArgumentException))
#20 {main}
  thrown at /var/www/app/vendor/laravel/framework/src/Illuminate/View/Compilers/Compiler.php:36)
[stacktrace]
#0 /var/www/app/vendor/laravel/framework/src/Illuminate/Foundation/Bootstrap/HandleExceptions.php(143): Symfony\\Component\\ErrorHandler\\Error\\FatalError->__construct(message: ''Uncaught Inval...', code: '0', error: '['type' => 1, '...', traceOffset: '0', traceArgs: '???', trace: '???')
#1 /var/www/app/vendor/laravel/framework/src/Illuminate/Foundation/Bootstrap/HandleExceptions.php(130): Illuminate\\Foundation\\Bootstrap\\HandleExceptions->fatalErrorFromPhpError(error: '['type' => 1, '...', traceOffset: '0')
#2 /var/www/app/vendor/laravel/framework/src/Illuminate/Foundation/Bootstrap/HandleExceptions.php(0): Illuminate\\Foundation\\Bootstrap\\HandleExceptions->handleShutdown()
#3 {main}
"} 
[2020-12-06 00:35:53] production.ERROR: Please provide a valid cache path. {"exception":"[object] (InvalidArgumentException(code: 0): Please provide a valid cache path. at /var/www/app/vendor/laravel/framework/src/Illuminate/View/Compilers/Compiler.php:36)
[stacktrace]
#0 /var/www/app/vendor/laravel/framework/src/Illuminate/View/ViewServiceProvider.php(88): Illuminate\\View\\Compilers\\Compiler->__construct(Object(Illuminate\\Filesystem\\Filesystem), false)
#1 /var/www/app/vendor/laravel/framework/src/Illuminate/Container/Container.php(826): Illuminate\\View\\ViewServiceProvider->Illuminate\\View\\{closure}(Object(Illuminate\\Foundation\\Application), Array)
#2 /var/www/app/vendor/laravel/framework/src/Illuminate/Container/Container.php(712): Illuminate\\Container\\Container->build(Object(Closure))
#3 /var/www/app/vendor/laravel/framework/src/Illuminate/Foundation/Application.php(796): Illuminate\\Container\\Container->resolve('blade.compiler', Array, true)
#4 /var/www/app/vendor/laravel/framework/src/Illuminate/Container/Container.php(651): Illuminate\\Foundation\\Application->resolve('blade.compiler', Array)
#5 /var/www/app/vendor/laravel/framework/src/Illuminate/Foundation/Application.php(781): Illuminate\\Container\\Container->make('blade.compiler', Array)
#6 /var/www/app/vendor/laravel/framework/src/Illuminate/Container/Container.php(1354): Illuminate\\Foundation\\Application->make('blade.compiler')
#7 /var/www/app/vendor/laravel/framework/src/Illuminate/View/ViewServiceProvider.php(150): Illuminate\\Container\\Container->offsetGet('blade.compiler')
#8 [internal function]: Illuminate\\View\\ViewServiceProvider->Illuminate\\View\\{closure}()
#9 /var/www/app/vendor/laravel/framework/src/Illuminate/View/Engines/EngineResolver.php(55): call_user_func(Object(Closure))
#10 /var/www/app/vendor/facade/ignition/src/IgnitionServiceProvider.php(389): Illuminate\\View\\Engines\\EngineResolver->resolve('blade')
#11 /var/www/app/vendor/facade/ignition/src/IgnitionServiceProvider.php(125): Facade\\Ignition\\IgnitionServiceProvider->hasCustomViewEnginesRegistered()
#12 /var/www/app/vendor/facade/ignition/src/IgnitionServiceProvider.php(84): Facade\\Ignition\\IgnitionServiceProvider->registerViewEngines()
#13 /var/www/app/vendor/laravel/framework/src/Illuminate/Container/BoundMethod.php(36): Facade\\Ignition\\IgnitionServiceProvider->boot()
#14 /var/www/app/vendor/laravel/framework/src/Illuminate/Container/Util.php(40): Illuminate\\Container\\BoundMethod::Illuminate\\Container\\{closure}()
#15 /var/www/app/vendor/laravel/framework/src/Illuminate/Container/BoundMethod.php(93): Illuminate\\Container\\Util::unwrapIfClosure(Object(Closure))
#16 /var/www/app/vendor/laravel/framework/src/Illuminate/Container/BoundMethod.php(37): Illuminate\\Container\\BoundMethod::callBoundMethod(Object(Illuminate\\Foundation\\Application), Array, Object(Closure))
#17 /var/www/app/vendor/laravel/framework/src/Illuminate/Container/Container.php(610): Illuminate\\Container\\BoundMethod::call(Object(Illuminate\\Foundation\\Application), Array, Array, NULL)
#18 /var/www/app/vendor/laravel/framework/src/Illuminate/Foundation/Application.php(869): Illuminate\\Container\\Container->call(Array)
#19 /var/www/app/vendor/laravel/framework/src/Illuminate/Foundation/Application.php(850): Illuminate\\Foundation\\Application->bootProvider(Object(Facade\\Ignition\\IgnitionServiceProvider))
#20 [internal function]: Illuminate\\Foundation\\Application->Illuminate\\Foundation\\{closure}(Object(Facade\\Ignition\\IgnitionServiceProvider), 14)
#21 /var/www/app/vendor/laravel/framework/src/Illuminate/Foundation/Application.php(851): array_walk(Array, Object(Closure))
#22 /var/www/app/vendor/laravel/framework/src/Illuminate/Foundation/Bootstrap/BootProviders.php(17): Illuminate\\Foundation\\Application->boot()
#23 /var/www/app/vendor/laravel/framework/src/Illuminate/Foundation/Application.php(230): Illuminate\\Foundation\\Bootstrap\\BootProviders->bootstrap(Object(Illuminate\\Foundation\\Application))
#24 /var/www/app/vendor/laravel/framework/src/Illuminate/Foundation/Http/Kernel.php(152): Illuminate\\Foundation\\Application->bootstrapWith(Array)
#25 /var/www/app/vendor/laravel/framework/src/Illuminate/Foundation/Http/Kernel.php(136): Illuminate\\Foundation\\Http\\Kernel->bootstrap()
#26 /var/www/app/vendor/laravel/framework/src/Illuminate/Foundation/Http/Kernel.php(110): Illuminate\\Foundation\\Http\\Kernel->sendRequestThroughRouter(Object(Illuminate\\Http\\Request))
#27 /var/www/app/public/index.php(52): Illuminate\\Foundation\\Http\\Kernel->handle(Object(Illuminate\\Http\\Request))
#28 {main}
"} 
[2020-12-06 00:35:54] production.ERROR: Please provide a valid cache path. {"exception":"[object] (InvalidArgumentException(code: 0): Please provide a valid cache path. at /var/www/app/vendor/laravel/framework/src/Illuminate/View/Compilers/Compiler.php:36)
[stacktrace]
#0 /var/www/app/vendor/laravel/framework/src/Illuminate/View/ViewServiceProvider.php(88): Illuminate\\View\\Compilers\\Compiler->__construct(Object(Illuminate\\Filesystem\\Filesystem), false)
#1 /var/www/app/vendor/laravel/framework/src/Illuminate/Container/Container.php(826): Illuminate\\View\\ViewServiceProvider->Illuminate\\View\\{closure}(Object(Illuminate\\Foundation\\Application), Array)
#2 /var/www/app/vendor/laravel/framework/src/Illuminate/Container/Container.php(712): Illuminate\\Container\\Container->build(Object(Closure))
#3 /var/www/app/vendor/laravel/framework/src/Illuminate/Foundation/Application.php(796): Illuminate\\Container\\Container->resolve('blade.compiler', Array, true)
#4 /var/www/app/vendor/laravel/framework/src/Illuminate/Container/Container.php(651): Illuminate\\Foundation\\Application->resolve('blade.compiler', Array)
#5 /var/www/app/vendor/laravel/framework/src/Illuminate/Foundation/Application.php(781): Illuminate\\Container\\Container->make('blade.compiler', Array)
#6 /var/www/app/vendor/laravel/framework/src/Illuminate/Container/Container.php(1354): Illuminate\\Foundation\\Application->make('blade.compiler')
#7 /var/www/app/vendor/laravel/framework/src/Illuminate/View/ViewServiceProvider.php(150): Illuminate\\Container\\Container->offsetGet('blade.compiler')
#8 [internal function]: Illuminate\\View\\ViewServiceProvider->Illuminate\\View\\{closure}()
#9 /var/www/app/vendor/laravel/framework/src/Illuminate/View/Engines/EngineResolver.php(55): call_user_func(Object(Closure))
#10 /var/www/app/vendor/laravel/framework/src/Illuminate/View/Factory.php(296): Illuminate\\View\\Engines\\EngineResolver->resolve('blade')
#11 /var/www/app/vendor/laravel/framework/src/Illuminate/View/Factory.php(260): Illuminate\\View\\Factory->getEngineFromPath('/var/www/app/ve...')
#12 /var/www/app/vendor/laravel/framework/src/Illuminate/View/Factory.php(146): Illuminate\\View\\Factory->viewInstance('errors::500', '/var/www/app/ve...', Array)
#13 /var/www/app/vendor/laravel/framework/src/Illuminate/Routing/ResponseFactory.php(85): Illuminate\\View\\Factory->make('errors::500', Array)
#14 /var/www/app/vendor/laravel/framework/src/Illuminate/Foundation/Exceptions/Handler.php(551): Illuminate\\Routing\\ResponseFactory->view('errors::500', Array, 500, Array)
#15 /var/www/app/vendor/laravel/framework/src/Illuminate/Foundation/Exceptions/Handler.php(456): Illuminate\\Foundation\\Exceptions\\Handler->renderHttpException(Object(Symfony\\Component\\HttpKernel\\Exception\\HttpException))
#16 /var/www/app/vendor/laravel/framework/src/Illuminate/Foundation/Exceptions/Handler.php(336): Illuminate\\Foundation\\Exceptions\\Handler->prepareResponse(Object(Illuminate\\Http\\Request), Object(Symfony\\Component\\HttpKernel\\Exception\\HttpException))
#17 /var/www/app/vendor/laravel/framework/src/Illuminate/Foundation/Http/Kernel.php(416): Illuminate\\Foundation\\Exceptions\\Handler->render(Object(Illuminate\\Http\\Request), Object(InvalidArgumentException))
#18 /var/www/app/vendor/laravel/framework/src/Illuminate/Foundation/Http/Kernel.php(114): Illuminate\\Foundation\\Http\\Kernel->renderException(Object(Illuminate\\Http\\Request), Object(InvalidArgumentException))
#19 /var/www/app/public/index.php(52): Illuminate\\Foundation\\Http\\Kernel->handle(Object(Illuminate\\Http\\Request))
#20 {main}
"} 
[2020-12-06 00:35:54] production.ERROR: Uncaught InvalidArgumentException: Please provide a valid cache path. in /var/www/app/vendor/laravel/framework/src/Illuminate/View/Compilers/Compiler.php:36
Stack trace:
#0 /var/www/app/vendor/laravel/framework/src/Illuminate/View/ViewServiceProvider.php(88): Illuminate\View\Compilers\Compiler->__construct(Object(Illuminate\Filesystem\Filesystem), false)
#1 /var/www/app/vendor/laravel/framework/src/Illuminate/Container/Container.php(826): Illuminate\View\ViewServiceProvider->Illuminate\View\{closure}(Object(Illuminate\Foundation\Application), Array)
#2 /var/www/app/vendor/laravel/framework/src/Illuminate/Container/Container.php(712): Illuminate\Container\Container->build(Object(Closure))
#3 /var/www/app/vendor/laravel/framework/src/Illuminate/Foundation/Application.php(796): Illuminate\Container\Container->resolve('blade.compiler', Array, true)
#4 /var/www/app/vendor/laravel/framework/src/Illuminate/Container/Container.php(651): Illuminate\Foundation\Application->resolve('blade.compiler', Array)
#5 /var/www/app/vendor/laravel/framework/src/Illuminate/Foundation/Application.php(781): Illuminate\Container\Container->make('blade.compiler', Array)
#6 /var/www/app/vendor/laravel/framework/src/Illuminate/Container/Container.php(1354): Illuminate\Foundation\Application->make('blade.compiler')
#7 /var/www/app/vendor/laravel/framework/src/Illuminate/View/ViewServiceProvider.php(150): Illuminate\Container\Container->offsetGet('blade.compiler')
#8 [internal function]: Illuminate\View\ViewServiceProvider->Illuminate\View\{closure}()
#9 /var/www/app/vendor/laravel/framework/src/Illuminate/View/Engines/EngineResolver.php(55): call_user_func(Object(Closure))
#10 /var/www/app/vendor/laravel/framework/src/Illuminate/View/Factory.php(296): Illuminate\View\Engines\EngineResolver->resolve('blade')
#11 /var/www/app/vendor/laravel/framework/src/Illuminate/View/Factory.php(260): Illuminate\View\Factory->getEngineFromPath('/var/www/app/ve...')
#12 /var/www/app/vendor/laravel/framework/src/Illuminate/View/Factory.php(146): Illuminate\View\Factory->viewInstance('errors::500', '/var/www/app/ve...', Array)
#13 /var/www/app/vendor/laravel/framework/src/Illuminate/Routing/ResponseFactory.php(85): Illuminate\View\Factory->make('errors::500', Array)
#14 /var/www/app/vendor/laravel/framework/src/Illuminate/Foundation/Exceptions/Handler.php(551): Illuminate\Routing\ResponseFactory->view('errors::500', Array, 500, Array)
#15 /var/www/app/vendor/laravel/framework/src/Illuminate/Foundation/Exceptions/Handler.php(456): Illuminate\Foundation\Exceptions\Handler->renderHttpException(Object(Symfony\Component\HttpKernel\Exception\HttpException))
#16 /var/www/app/vendor/laravel/framework/src/Illuminate/Foundation/Exceptions/Handler.php(336): Illuminate\Foundation\Exceptions\Handler->prepareResponse(Object(Illuminate\Http\Request), Object(Symfony\Component\HttpKernel\Exception\HttpException))
#17 /var/www/app/vendor/laravel/framework/src/Illuminate/Foundation/Bootstrap/HandleExceptions.php(119): Illuminate\Foundation\Exceptions\Handler->render(Object(Illuminate\Http\Request), Object(InvalidArgumentException))
#18 /var/www/app/vendor/laravel/framework/src/Illuminate/Foundation/Bootstrap/HandleExceptions.php(96): Illuminate\Foundation\Bootstrap\HandleExceptions->renderHttpResponse(Object(InvalidArgumentException))
#19 [internal function]: Illuminate\Foundation\Bootstrap\HandleExceptions->handleException(Object(InvalidArgumentException))
#20 {main}
  thrown {"exception":"[object] (Symfony\\Component\\ErrorHandler\\Error\\FatalError(code: 0): Uncaught InvalidArgumentException: Please provide a valid cache path. in /var/www/app/vendor/laravel/framework/src/Illuminate/View/Compilers/Compiler.php:36
Stack trace:
#0 /var/www/app/vendor/laravel/framework/src/Illuminate/View/ViewServiceProvider.php(88): Illuminate\\View\\Compilers\\Compiler->__construct(Object(Illuminate\\Filesystem\\Filesystem), false)
#1 /var/www/app/vendor/laravel/framework/src/Illuminate/Container/Container.php(826): Illuminate\\View\\ViewServiceProvider->Illuminate\\View\\{closure}(Object(Illuminate\\Foundation\\Application), Array)
#2 /var/www/app/vendor/laravel/framework/src/Illuminate/Container/Container.php(712): Illuminate\\Container\\Container->build(Object(Closure))
#3 /var/www/app/vendor/laravel/framework/src/Illuminate/Foundation/Application.php(796): Illuminate\\Container\\Container->resolve('blade.compiler', Array, true)
#4 /var/www/app/vendor/laravel/framework/src/Illuminate/Container/Container.php(651): Illuminate\\Foundation\\Application->resolve('blade.compiler', Array)
#5 /var/www/app/vendor/laravel/framework/src/Illuminate/Foundation/Application.php(781): Illuminate\\Container\\Container->make('blade.compiler', Array)
#6 /var/www/app/vendor/laravel/framework/src/Illuminate/Container/Container.php(1354): Illuminate\\Foundation\\Application->make('blade.compiler')
#7 /var/www/app/vendor/laravel/framework/src/Illuminate/View/ViewServiceProvider.php(150): Illuminate\\Container\\Container->offsetGet('blade.compiler')
#8 [internal function]: Illuminate\\View\\ViewServiceProvider->Illuminate\\View\\{closure}()
#9 /var/www/app/vendor/laravel/framework/src/Illuminate/View/Engines/EngineResolver.php(55): call_user_func(Object(Closure))
#10 /var/www/app/vendor/laravel/framework/src/Illuminate/View/Factory.php(296): Illuminate\\View\\Engines\\EngineResolver->resolve('blade')
#11 /var/www/app/vendor/laravel/framework/src/Illuminate/View/Factory.php(260): Illuminate\\View\\Factory->getEngineFromPath('/var/www/app/ve...')
#12 /var/www/app/vendor/laravel/framework/src/Illuminate/View/Factory.php(146): Illuminate\\View\\Factory->viewInstance('errors::500', '/var/www/app/ve...', Array)
#13 /var/www/app/vendor/laravel/framework/src/Illuminate/Routing/ResponseFactory.php(85): Illuminate\\View\\Factory->make('errors::500', Array)
#14 /var/www/app/vendor/laravel/framework/src/Illuminate/Foundation/Exceptions/Handler.php(551): Illuminate\\Routing\\ResponseFactory->view('errors::500', Array, 500, Array)
#15 /var/www/app/vendor/laravel/framework/src/Illuminate/Foundation/Exceptions/Handler.php(456): Illuminate\\Foundation\\Exceptions\\Handler->renderHttpException(Object(Symfony\\Component\\HttpKernel\\Exception\\HttpException))
#16 /var/www/app/vendor/laravel/framework/src/Illuminate/Foundation/Exceptions/Handler.php(336): Illuminate\\Foundation\\Exceptions\\Handler->prepareResponse(Object(Illuminate\\Http\\Request), Object(Symfony\\Component\\HttpKernel\\Exception\\HttpException))
#17 /var/www/app/vendor/laravel/framework/src/Illuminate/Foundation/Bootstrap/HandleExceptions.php(119): Illuminate\\Foundation\\Exceptions\\Handler->render(Object(Illuminate\\Http\\Request), Object(InvalidArgumentException))
#18 /var/www/app/vendor/laravel/framework/src/Illuminate/Foundation/Bootstrap/HandleExceptions.php(96): Illuminate\\Foundation\\Bootstrap\\HandleExceptions->renderHttpResponse(Object(InvalidArgumentException))
#19 [internal function]: Illuminate\\Foundation\\Bootstrap\\HandleExceptions->handleException(Object(InvalidArgumentException))
#20 {main}
  thrown at /var/www/app/vendor/laravel/framework/src/Illuminate/View/Compilers/Compiler.php:36)
[stacktrace]
#0 /var/www/app/vendor/laravel/framework/src/Illuminate/Foundation/Bootstrap/HandleExceptions.php(143): Symfony\\Component\\ErrorHandler\\Error\\FatalError->__construct(message: ''Uncaught Inval...', code: '0', error: '['type' => 1, '...', traceOffset: '0', traceArgs: '???', trace: '???')
#1 /var/www/app/vendor/laravel/framework/src/Illuminate/Foundation/Bootstrap/HandleExceptions.php(130): Illuminate\\Foundation\\Bootstrap\\HandleExceptions->fatalErrorFromPhpError(error: '['type' => 1, '...', traceOffset: '0')
#2 /var/www/app/vendor/laravel/framework/src/Illuminate/Foundation/Bootstrap/HandleExceptions.php(0): Illuminate\\Foundation\\Bootstrap\\HandleExceptions->handleShutdown()
#3 {main}
"} 
[2020-12-06 00:36:28] local.ERROR: Please provide a valid cache path. {"exception":"[object] (InvalidArgumentException(code: 0): Please provide a valid cache path. at /var/www/app/vendor/laravel/framework/src/Illuminate/View/Compilers/Compiler.php:36)
[stacktrace]
#0 /var/www/app/vendor/laravel/framework/src/Illuminate/View/ViewServiceProvider.php(88): Illuminate\\View\\Compilers\\Compiler->__construct(Object(Illuminate\\Filesystem\\Filesystem), false)
#1 /var/www/app/vendor/laravel/framework/src/Illuminate/Container/Container.php(826): Illuminate\\View\\ViewServiceProvider->Illuminate\\View\\{closure}(Object(Illuminate\\Foundation\\Application), Array)
#2 /var/www/app/vendor/laravel/framework/src/Illuminate/Container/Container.php(712): Illuminate\\Container\\Container->build(Object(Closure))
#3 /var/www/app/vendor/laravel/framework/src/Illuminate/Foundation/Application.php(796): Illuminate\\Container\\Container->resolve('blade.compiler', Array, true)
#4 /var/www/app/vendor/laravel/framework/src/Illuminate/Container/Container.php(651): Illuminate\\Foundation\\Application->resolve('blade.compiler', Array)
#5 /var/www/app/vendor/laravel/framework/src/Illuminate/Foundation/Application.php(781): Illuminate\\Container\\Container->make('blade.compiler', Array)
#6 /var/www/app/vendor/laravel/framework/src/Illuminate/Container/Container.php(1354): Illuminate\\Foundation\\Application->make('blade.compiler')
#7 /var/www/app/vendor/laravel/framework/src/Illuminate/View/ViewServiceProvider.php(150): Illuminate\\Container\\Container->offsetGet('blade.compiler')
#8 [internal function]: Illuminate\\View\\ViewServiceProvider->Illuminate\\View\\{closure}()
#9 /var/www/app/vendor/laravel/framework/src/Illuminate/View/Engines/EngineResolver.php(55): call_user_func(Object(Closure))
#10 /var/www/app/vendor/facade/ignition/src/IgnitionServiceProvider.php(389): Illuminate\\View\\Engines\\EngineResolver->resolve('blade')
#11 /var/www/app/vendor/facade/ignition/src/IgnitionServiceProvider.php(125): Facade\\Ignition\\IgnitionServiceProvider->hasCustomViewEnginesRegistered()
#12 /var/www/app/vendor/facade/ignition/src/IgnitionServiceProvider.php(84): Facade\\Ignition\\IgnitionServiceProvider->registerViewEngines()
#13 /var/www/app/vendor/laravel/framework/src/Illuminate/Container/BoundMethod.php(36): Facade\\Ignition\\IgnitionServiceProvider->boot()
#14 /var/www/app/vendor/laravel/framework/src/Illuminate/Container/Util.php(40): Illuminate\\Container\\BoundMethod::Illuminate\\Container\\{closure}()
#15 /var/www/app/vendor/laravel/framework/src/Illuminate/Container/BoundMethod.php(93): Illuminate\\Container\\Util::unwrapIfClosure(Object(Closure))
#16 /var/www/app/vendor/laravel/framework/src/Illuminate/Container/BoundMethod.php(37): Illuminate\\Container\\BoundMethod::callBoundMethod(Object(Illuminate\\Foundation\\Application), Array, Object(Closure))
#17 /var/www/app/vendor/laravel/framework/src/Illuminate/Container/Container.php(610): Illuminate\\Container\\BoundMethod::call(Object(Illuminate\\Foundation\\Application), Array, Array, NULL)
#18 /var/www/app/vendor/laravel/framework/src/Illuminate/Foundation/Application.php(869): Illuminate\\Container\\Container->call(Array)
#19 /var/www/app/vendor/laravel/framework/src/Illuminate/Foundation/Application.php(850): Illuminate\\Foundation\\Application->bootProvider(Object(Facade\\Ignition\\IgnitionServiceProvider))
#20 [internal function]: Illuminate\\Foundation\\Application->Illuminate\\Foundation\\{closure}(Object(Facade\\Ignition\\IgnitionServiceProvider), 14)
#21 /var/www/app/vendor/laravel/framework/src/Illuminate/Foundation/Application.php(851): array_walk(Array, Object(Closure))
#22 /var/www/app/vendor/laravel/framework/src/Illuminate/Foundation/Bootstrap/BootProviders.php(17): Illuminate\\Foundation\\Application->boot()
#23 /var/www/app/vendor/laravel/framework/src/Illuminate/Foundation/Application.php(230): Illuminate\\Foundation\\Bootstrap\\BootProviders->bootstrap(Object(Illuminate\\Foundation\\Application))
#24 /var/www/app/vendor/laravel/framework/src/Illuminate/Foundation/Console/Kernel.php(310): Illuminate\\Foundation\\Application->bootstrapWith(Array)
#25 /var/www/app/vendor/laravel/framework/src/Illuminate/Foundation/Console/Kernel.php(127): Illuminate\\Foundation\\Console\\Kernel->bootstrap()
#26 /var/www/app/artisan(37): Illuminate\\Foundation\\Console\\Kernel->handle(Object(Symfony\\Component\\Console\\Input\\ArgvInput), Object(Symfony\\Component\\Console\\Output\\ConsoleOutput))
#27 {main}
"} 
[2020-12-06 00:50:31] local.ERROR: Please provide a valid cache path. {"exception":"[object] (InvalidArgumentException(code: 0): Please provide a valid cache path. at /var/www/app/vendor/laravel/framework/src/Illuminate/View/Compilers/Compiler.php:36)
[stacktrace]
#0 /var/www/app/vendor/laravel/framework/src/Illuminate/View/ViewServiceProvider.php(88): Illuminate\\View\\Compilers\\Compiler->__construct(Object(Illuminate\\Filesystem\\Filesystem), false)
#1 /var/www/app/vendor/laravel/framework/src/Illuminate/Container/Container.php(826): Illuminate\\View\\ViewServiceProvider->Illuminate\\View\\{closure}(Object(Illuminate\\Foundation\\Application), Array)
#2 /var/www/app/vendor/laravel/framework/src/Illuminate/Container/Container.php(712): Illuminate\\Container\\Container->build(Object(Closure))
#3 /var/www/app/vendor/laravel/framework/src/Illuminate/Foundation/Application.php(796): Illuminate\\Container\\Container->resolve('blade.compiler', Array, true)
#4 /var/www/app/vendor/laravel/framework/src/Illuminate/Container/Container.php(651): Illuminate\\Foundation\\Application->resolve('blade.compiler', Array)
#5 /var/www/app/vendor/laravel/framework/src/Illuminate/Foundation/Application.php(781): Illuminate\\Container\\Container->make('blade.compiler', Array)
#6 /var/www/app/vendor/laravel/framework/src/Illuminate/Container/Container.php(1354): Illuminate\\Foundation\\Application->make('blade.compiler')
#7 /var/www/app/vendor/laravel/framework/src/Illuminate/View/ViewServiceProvider.php(150): Illuminate\\Container\\Container->offsetGet('blade.compiler')
#8 [internal function]: Illuminate\\View\\ViewServiceProvider->Illuminate\\View\\{closure}()
#9 /var/www/app/vendor/laravel/framework/src/Illuminate/View/Engines/EngineResolver.php(55): call_user_func(Object(Closure))
#10 /var/www/app/vendor/facade/ignition/src/IgnitionServiceProvider.php(389): Illuminate\\View\\Engines\\EngineResolver->resolve('blade')
#11 /var/www/app/vendor/facade/ignition/src/IgnitionServiceProvider.php(125): Facade\\Ignition\\IgnitionServiceProvider->hasCustomViewEnginesRegistered()
#12 /var/www/app/vendor/facade/ignition/src/IgnitionServiceProvider.php(84): Facade\\Ignition\\IgnitionServiceProvider->registerViewEngines()
#13 /var/www/app/vendor/laravel/framework/src/Illuminate/Container/BoundMethod.php(36): Facade\\Ignition\\IgnitionServiceProvider->boot()
#14 /var/www/app/vendor/laravel/framework/src/Illuminate/Container/Util.php(40): Illuminate\\Container\\BoundMethod::Illuminate\\Container\\{closure}()
#15 /var/www/app/vendor/laravel/framework/src/Illuminate/Container/BoundMethod.php(93): Illuminate\\Container\\Util::unwrapIfClosure(Object(Closure))
#16 /var/www/app/vendor/laravel/framework/src/Illuminate/Container/BoundMethod.php(37): Illuminate\\Container\\BoundMethod::callBoundMethod(Object(Illuminate\\Foundation\\Application), Array, Object(Closure))
#17 /var/www/app/vendor/laravel/framework/src/Illuminate/Container/Container.php(610): Illuminate\\Container\\BoundMethod::call(Object(Illuminate\\Foundation\\Application), Array, Array, NULL)
#18 /var/www/app/vendor/laravel/framework/src/Illuminate/Foundation/Application.php(869): Illuminate\\Container\\Container->call(Array)
#19 /var/www/app/vendor/laravel/framework/src/Illuminate/Foundation/Application.php(850): Illuminate\\Foundation\\Application->bootProvider(Object(Facade\\Ignition\\IgnitionServiceProvider))
#20 [internal function]: Illuminate\\Foundation\\Application->Illuminate\\Foundation\\{closure}(Object(Facade\\Ignition\\IgnitionServiceProvider), 14)
#21 /var/www/app/vendor/laravel/framework/src/Illuminate/Foundation/Application.php(851): array_walk(Array, Object(Closure))
#22 /var/www/app/vendor/laravel/framework/src/Illuminate/Foundation/Bootstrap/BootProviders.php(17): Illuminate\\Foundation\\Application->boot()
#23 /var/www/app/vendor/laravel/framework/src/Illuminate/Foundation/Application.php(230): Illuminate\\Foundation\\Bootstrap\\BootProviders->bootstrap(Object(Illuminate\\Foundation\\Application))
#24 /var/www/app/vendor/laravel/framework/src/Illuminate/Foundation/Console/Kernel.php(310): Illuminate\\Foundation\\Application->bootstrapWith(Array)
#25 /var/www/app/vendor/laravel/framework/src/Illuminate/Foundation/Console/Kernel.php(127): Illuminate\\Foundation\\Console\\Kernel->bootstrap()
#26 /var/www/app/artisan(37): Illuminate\\Foundation\\Console\\Kernel->handle(Object(Symfony\\Component\\Console\\Input\\ArgvInput), Object(Symfony\\Component\\Console\\Output\\ConsoleOutput))
#27 {main}
"} 
